\BOOKMARK [1][-]{section.1}{\376\377\137\025\212\000}{}% 1
\BOOKMARK [1][-]{section.2}{\376\377\176\257\165\065\226\073\177\121\150\074\166\204\000F\000o\000u\000r\000i\000e\000r\122\006\147\220}{}% 2
\BOOKMARK [2][-]{subsection.2.1}{\376\377\225\356\230\230\213\276\133\232\116\016\127\372\134\024\227\015\131\053\145\271\172\013}{section.2}% 3
\BOOKMARK [2][-]{subsection.2.2}{\376\377\000F\000o\000u\000r\000i\000e\000r\123\330\143\142\116\016\230\221\127\337\154\102\211\343}{section.2}% 4
\BOOKMARK [2][-]{subsection.2.3}{\376\377\171\357\122\006\124\021\176\247\145\160\166\204\217\154\123\026}{section.2}% 5
\BOOKMARK [1][-]{section.3}{\376\377\116\000\176\364\116\214\200\132\123\026\000L\000C\117\040\217\223\176\277}{}% 6
\BOOKMARK [1][-]{section.4}{\376\377\000L\000C\177\121\150\074\166\204\226\073\142\227\171\357\122\006}{}% 7
\BOOKMARK [2][-]{subsection.4.1}{\376\377\225\356\230\230\200\314\146\157\116\016\230\221\127\337\145\271\172\013}{section.4}% 8
\BOOKMARK [2][-]{subsection.4.2}{\376\377\226\073\142\227\171\357\122\006\210\150\217\276\137\017\116\016\150\074\147\227\121\375\145\160}{section.4}% 9
\BOOKMARK [2][-]{subsection.4.3}{\376\377\121\205\134\102\171\357\122\006\000\040\000J\000n\000\050\000B\000\051\000\040\166\204\225\355\137\017}{section.4}% 10
\BOOKMARK [2][-]{subsection.4.4}{\376\377\000<\000\040\0001\000\040\145\366\166\204\116\045\150\074\140\122\226\366\147\141\116\366}{section.4}% 11
\BOOKMARK [2][-]{subsection.4.5}{\376\377\000=\000\040\0001\000\040\166\204\174\276\170\156\211\343}{section.4}% 12
\BOOKMARK [2][-]{subsection.4.6}{\376\377\000>\000\040\0001\000\040\166\204\213\250\213\272}{section.4}% 13
\BOOKMARK [1][-]{section.5}{\376\377\145\160\120\074\133\236\232\214\116\016\213\250\213\272}{}% 14
\BOOKMARK [1][-]{section.6}{\376\377\176\323\213\272}{}% 15
\BOOKMARK [1][-]{appendix.A}{\376\377\000I\166\204\213\241\173\227\217\307\172\013}{}% 16
\BOOKMARK [1][-]{appendix.B}{\376\377\000J\000n\000\050\000B\000\051\000\040\166\204\133\214\145\164\143\250\133\374}{}% 17
\BOOKMARK [2][-]{subsection.B.1}{\376\377\116\316\133\236\171\357\122\006\122\060\126\364\220\123\171\357\122\006}{appendix.B}% 18
\BOOKMARK [2][-]{subsection.B.2}{\376\377\140\305\121\265\116\000\377\032\000|\000B\000|\000\040\000>\000\040\0001}{appendix.B}% 19
\BOOKMARK [2][-]{subsection.B.3}{\376\377\140\305\121\265\116\214\377\032\000|\000B\000|\000\040\0001\377\010\116\073\120\074\377\011}{appendix.B}% 20
\BOOKMARK [1][-]{appendix.C}{\376\377\000U\000k\000\050\000t\000\051\000\040\000=\000\040\000\050\000\050\000k\000+\0001\000\051\000t\000\051\000/\000t\000\040\166\204\213\301\146\016}{}% 21
\BOOKMARK [1][-]{appendix.D}{\376\377\000S\000K\000\040\000=\000\040\000-\000\040\000\050\000K\000\051\000\040\000d\000\040\166\204\213\241\173\227}{}% 22
\BOOKMARK [1][-]{appendix.E}{\376\377\000F\000o\000u\000r\000i\000e\000r\000\040\134\125\137\000\116\016\153\143\116\244\140\047\166\204\133\214\145\164\143\250\133\374}{}% 23
\BOOKMARK [2][-]{subsection.E.1}{\376\377\000j\000\040\134\125\137\000\116\072\117\131\137\046\166\204\176\277\140\047\176\304\124\010}{appendix.E}% 24
\BOOKMARK [2][-]{subsection.E.2}{\376\377\000U\000n\000-\0001\000\050\000-\000B\000\051\000\040\134\125\137\000\116\072\000\040\000k\0001\000\040\166\204\131\032\230\171\137\017}{appendix.E}% 25
\BOOKMARK [2][-]{subsection.E.3}{\376\377\116\343\121\145\000\040\000I\000\050\000m\000,\000n\000\051\000\040\136\166\220\020\230\171\171\357\122\006}{appendix.E}% 26
